1550682249265	mozrunner::runner	INFO	Running command: "/usr/bin/firefox" "-marionette" "-foreground" "-no-remote" "-profile" "/tmp/rust_mozprofile.nCmCPMc0RduB"
1550682249671	addons.webextension.screenshots@mozilla.org	WARN	Loading extension 'screenshots@mozilla.org': Reading manifest: Invalid host permission: resource://pdf.js/
1550682249671	addons.webextension.screenshots@mozilla.org	WARN	Loading extension 'screenshots@mozilla.org': Reading manifest: Invalid host permission: about:reader*

(firefox:11569): Gtk-WARNING **: 18:04:09.952: Theme parsing error: <data>:1:34: Expected ')' in color definition

(firefox:11569): Gtk-WARNING **: 18:04:09.952: Theme parsing error: <data>:1:77: Expected ')' in color definition
1550682251136	Marionette	INFO	Listening on port 36091
1550682251197	Marionette	WARN	TLS certificate errors will be ignored for this session
JavaScript warning: https://www.google-analytics.com/gtm/js?id=GTM-5DNNDJT&cid=1056933983.1550682255, line 96: unreachable code after return statement
JavaScript warning: https://www.google-analytics.com/gtm/js?id=GTM-5DNNDJT&cid=1056933983.1550682255, line 96: unreachable code after return statement
1550682331155	Marionette	WARN	TimedPromise timed out after 0 ms: stacktrace:
bail@chrome://marionette/content/sync.js:196:64
1550682418261	Marionette	WARN	TimedPromise timed out after 0 ms: stacktrace:
bail@chrome://marionette/content/sync.js:196:64
1550682454660	mozrunner::runner	INFO	Running command: "/usr/bin/firefox" "-marionette" "-foreground" "-no-remote" "-profile" "/tmp/rust_mozprofile.vXvnmtsHHcJb"
1550682455096	addons.webextension.screenshots@mozilla.org	WARN	Loading extension 'screenshots@mozilla.org': Reading manifest: Invalid host permission: resource://pdf.js/
1550682455096	addons.webextension.screenshots@mozilla.org	WARN	Loading extension 'screenshots@mozilla.org': Reading manifest: Invalid host permission: about:reader*

(firefox:12049): Gtk-WARNING **: 18:07:35.384: Theme parsing error: <data>:1:34: Expected ')' in color definition

(firefox:12049): Gtk-WARNING **: 18:07:35.384: Theme parsing error: <data>:1:77: Expected ')' in color definition
1550682456567	Marionette	INFO	Listening on port 36515
1550682456674	Marionette	WARN	TLS certificate errors will be ignored for this session
JavaScript warning: https://www.google-analytics.com/gtm/js?id=GTM-5DNNDJT&cid=1783313643.1550682462, line 96: unreachable code after return statement
[Parent 11569, Gecko_IOThread] WARNING: pipe error (76): Connection reset by peer: file /build/firefox-HN7tk_/firefox-65.0+build2/ipc/chromium/src/chrome/common/ipc_channel_posix.cc, line 349
[Parent 11569, Gecko_IOThread] WARNING: pipe error (100): Connection reset by peer: file /build/firefox-HN7tk_/firefox-65.0+build2/ipc/chromium/src/chrome/common/ipc_channel_posix.cc, line 349
[Parent 11569, Gecko_IOThread] WARNING: pipe error (124): Connection reset by peer: file /build/firefox-HN7tk_/firefox-65.0+build2/ipc/chromium/src/chrome/common/ipc_channel_posix.cc, line 349
1550682486744	Marionette	INFO	Stopped listening on port 36091
JavaScript warning: https://www.google-analytics.com/gtm/js?id=GTM-5DNNDJT&cid=1783313643.1550682462, line 96: unreachable code after return statement
JavaScript error: https://ced.sascdn.com/tag/1079/smart.js, line 1: TypeError: sas_manager is null
JavaScript error: resource://gre/modules/WebNavigationFrames.jsm, line 43: TypeError: window is null
1550682663008	Marionette	WARN	TimedPromise timed out after 0 ms: stacktrace:
bail@chrome://marionette/content/sync.js:196:64
1550682673811	Marionette	WARN	TimedPromise timed out after 0 ms: stacktrace:
bail@chrome://marionette/content/sync.js:196:64
1550682716729	Marionette	WARN	TimedPromise timed out after 0 ms: stacktrace:
bail@chrome://marionette/content/sync.js:196:64
1550682899394	Marionette	WARN	TimedPromise timed out after 0 ms: stacktrace:
bail@chrome://marionette/content/sync.js:196:64
console.error: BroadcastService: 
  receivedBroadcastMessage: handler for
  remote-settings/monitor_changes
  threw error:
  Message: Error: Polling for changes failed: NetworkError when attempting to fetch resource..
  Stack:
    remoteSettingsFunction/remoteSettings.pollChanges@resource://services-settings/remote-settings.js:188:13


(/usr/lib/firefox/firefox:12504): dconf-WARNING **: 18:36:01.505: Unable to open /var/lib/menu-xdg/dconf/profile/user: Permission denied
JavaScript error: https://static.adsafeprotected.com/sca.17.4.95.js, line 33: TypeError: The ReadableStream reader was released.
1550684477358	Marionette	WARN	TimedPromise timed out after 0 ms: stacktrace:
bail@chrome://marionette/content/sync.js:196:64
JavaScript error: resource://gre/modules/WebProgressChild.jsm, line 58: TypeError: this.mm.content is null
1550684601001	Marionette	WARN	TimedPromise timed out after 0 ms: stacktrace:
bail@chrome://marionette/content/sync.js:196:64
1550684601287	Marionette	WARN	TimedPromise timed out after 0 ms: stacktrace:
bail@chrome://marionette/content/sync.js:196:64
1550684611847	Marionette	WARN	TimedPromise timed out after 0 ms: stacktrace:
bail@chrome://marionette/content/sync.js:196:64
1550684612098	Marionette	WARN	TimedPromise timed out after 0 ms: stacktrace:
bail@chrome://marionette/content/sync.js:196:64
1550684640727	Marionette	WARN	TimedPromise timed out after 0 ms: stacktrace:
bail@chrome://marionette/content/sync.js:196:64
1550684640990	Marionette	WARN	TimedPromise timed out after 0 ms: stacktrace:
bail@chrome://marionette/content/sync.js:196:64
console.error: "Error while calling actor 'layout's method 'getGrids'" "node is null"
console.error: "getGrids@resource://devtools/server/actors/layout.js:455:11\ngetGrids@resource://devtools/server/actors/layout.js:460:38\nhandler@resource://devtools/shared/protocol.js:1197:21\nonPacket@resource://devtools/server/main.js:1324:15\nreceiveMessage@resource://devtools/shared/transport/child-transport.js:66:5\n"
JavaScript warning: https://www.google-analytics.com/gtm/js?id=GTM-5DNNDJT&cid=1783313643.1550682462, line 96: unreachable code after return statement
JavaScript error: https://ced.sascdn.com/tag/1079/smart.js, line 1: TypeError: sas_manager is null
console.error: "Error while calling actor 'layout's method 'getGrids'" "node is null"
console.error: "getGrids@resource://devtools/server/actors/layout.js:455:11\ngetGrids@resource://devtools/server/actors/layout.js:460:38\ngetGrids@resource://devtools/server/actors/layout.js:460:38\ngetGrids@resource://devtools/server/actors/layout.js:460:38\ngetGrids@resource://devtools/server/actors/layout.js:460:38\nhandler@resource://devtools/shared/protocol.js:1197:21\nonPacket@resource://devtools/server/main.js:1324:15\nreceiveMessage@resource://devtools/shared/transport/child-transport.js:66:5\n"
console.error: "Error while calling actor 'layout's method 'getGrids'" "node is null"
console.error: "getGrids@resource://devtools/server/actors/layout.js:455:11\ngetGrids@resource://devtools/server/actors/layout.js:460:38\nhandler@resource://devtools/shared/protocol.js:1197:21\nonPacket@resource://devtools/server/main.js:1324:15\nreceiveMessage@resource://devtools/shared/transport/child-transport.js:66:5\n"
Exiting due to channel error.
Exiting due to channel error.
Exiting due to channel error.
Exiting due to channel error.
Exiting due to channel error.
1550684860635	mozrunner::runner	INFO	Running command: "/usr/bin/firefox" "-marionette" "-foreground" "-no-remote" "-profile" "/tmp/rust_mozprofile.R64rch05iyE7"
1550684861046	addons.webextension.screenshots@mozilla.org	WARN	Loading extension 'screenshots@mozilla.org': Reading manifest: Invalid host permission: resource://pdf.js/
1550684861047	addons.webextension.screenshots@mozilla.org	WARN	Loading extension 'screenshots@mozilla.org': Reading manifest: Invalid host permission: about:reader*

(firefox:13156): Gtk-WARNING **: 18:47:41.319: Theme parsing error: <data>:1:34: Expected ')' in color definition

(firefox:13156): Gtk-WARNING **: 18:47:41.319: Theme parsing error: <data>:1:77: Expected ')' in color definition
1550684862543	Marionette	INFO	Listening on port 32887
1550684862644	Marionette	WARN	TLS certificate errors will be ignored for this session
JavaScript error: https://bbcdn-static.bbelements.com/scripts/ibb-async/stable/tag.js, line 1: Error: Promise already completed.
JavaScript warning: https://www.google-analytics.com/gtm/js?id=GTM-5DNNDJT&cid=1565371014.1550684869, line 96: unreachable code after return statement
JavaScript warning: https://www.google-analytics.com/gtm/js?id=GTM-5DNNDJT&cid=1565371014.1550684869, line 96: unreachable code after return statement
JavaScript error: https://ced.sascdn.com/tag/1079/smart.js, line 1: TypeError: sas_manager is null
1550685043896	Marionette	WARN	TimedPromise timed out after 0 ms: stacktrace:
bail@chrome://marionette/content/sync.js:196:64
JavaScript warning: https://www.google-analytics.com/gtm/js?id=GTM-5DNNDJT&cid=1565371014.1550684869, line 96: unreachable code after return statement
JavaScript warning: https://www.google-analytics.com/gtm/js?id=GTM-5DNNDJT&cid=1565371014.1550684869, line 96: unreachable code after return statement
JavaScript error: https://ced.sascdn.com/tag/1079/smart.js, line 1: TypeError: sas_manager is null
Exiting due to channel error.
Exiting due to channel error.
Exiting due to channel error.
Exiting due to channel error.
